<?xml version="1.0" encoding="UTF-8"?>
<!-- Generated by org.testng.reporters.JUnitReportReporter -->
<testsuite hostname="DELL-FHHTRG3" failures="0" tests="4" name="Register.Test_15_ComplaintAgainstTypeID_Negative" time="1.519" errors="0" timestamp="2024-05-17T16:26:30 IST" skipped="0">
  <testcase classname="Register.Test_15_ComplaintAgainstTypeID_Negative" name="test_Null_ComplaintAgainstTypeID" time="0.236"/>
  <testcase classname="Register.Test_15_ComplaintAgainstTypeID_Negative" name="test_Alphabatical_ComplaintAgainstTypeID" time="0.323"/>
  <testcase classname="Register.Test_15_ComplaintAgainstTypeID_Negative" name="test_SpecialCharacter_ComplaintAgainstTypeID" time="0.705"/>
  <testcase classname="Register.Test_15_ComplaintAgainstTypeID_Negative" name="test_Invalid_ComplaintAgainstTypeID" time="0.255"/>
</testsuite> <!-- Register.Test_15_ComplaintAgainstTypeID_Negative -->
