<?xml version="1.0" encoding="UTF-8"?>
<!-- Generated by org.testng.reporters.JUnitReportReporter -->
<testsuite hostname="DELL-FHHTRG3" failures="0" tests="4" name="Register.Test_26_Option_Negative" time="1.529" errors="0" timestamp="2024-05-17T16:26:31 IST" skipped="0">
  <testcase classname="Register.Test_26_Option_Negative" name="test_Option_Null" time="0.723"/>
  <testcase classname="Register.Test_26_Option_Negative" name="test_Option_Alphabetical" time="0.244"/>
  <testcase classname="Register.Test_26_Option_Negative" name="test_Option_SpecialChars" time="0.273"/>
  <testcase classname="Register.Test_26_Option_Negative" name="test_Option_Invalid" time="0.289"/>
</testsuite> <!-- Register.Test_26_Option_Negative -->
