<?xml version="1.0" encoding="UTF-8"?>
<!-- Generated by org.testng.reporters.JUnitReportReporter -->
<testsuite hostname="DELL-FHHTRG3" failures="0" tests="3" name="Register.Test_22_ComplaintTypeID_Negative" time="0.794" errors="0" timestamp="2024-05-17T16:26:30 IST" skipped="0">
  <testcase classname="Register.Test_22_ComplaintTypeID_Negative" name="test_Complaint_Type_ID_Null" time="0.241"/>
  <testcase classname="Register.Test_22_ComplaintTypeID_Negative" name="test_Complaint_Type_ID_Invalid" time="0.295"/>
  <testcase classname="Register.Test_22_ComplaintTypeID_Negative" name="test_Complaint_Type_ID_Invalid_Numeric" time="0.258"/>
</testsuite> <!-- Register.Test_22_ComplaintTypeID_Negative -->
