<?xml version="1.0" encoding="UTF-8"?>
<!-- Generated by org.testng.reporters.JUnitReportReporter -->
<testsuite hostname="DELL-FHHTRG3" failures="0" tests="1" name="Register.Test_5_RegisterComplaint_AgainstBroker" time="0.444" errors="0" timestamp="2024-05-17T16:26:30 IST" skipped="0">
  <testcase classname="Register.Test_5_RegisterComplaint_AgainstBroker" name="test_registerComplaint_Against_Broker" time="0.444"/>
</testsuite> <!-- Register.Test_5_RegisterComplaint_AgainstBroker -->
