<?xml version="1.0" encoding="UTF-8"?>
<!-- Generated by org.testng.reporters.JUnitReportReporter -->
<testsuite hostname="DELL-FHHTRG3" failures="0" tests="3" name="Register.Test_4_UserType_Negative" time="1.134" errors="0" timestamp="2024-05-17T16:26:30 IST" skipped="0">
  <testcase classname="Register.Test_4_UserType_Negative" name="test_registerComplaint_NullUserType" time="0.316"/>
  <testcase classname="Register.Test_4_UserType_Negative" name="test_registerComplaint_NumericUserType" time="0.427"/>
  <testcase classname="Register.Test_4_UserType_Negative" name="test_registerComplaint_InvalidUserType" time="0.391"/>
</testsuite> <!-- Register.Test_4_UserType_Negative -->
