<?xml version="1.0" encoding="UTF-8"?>
<!-- Generated by org.testng.reporters.JUnitReportReporter -->
<testsuite hostname="DELL-FHHTRG3" failures="0" tests="4" name="Register.Test_14_StateIDAndDistrictID_Negative" time="1.283" errors="0" timestamp="2024-05-17T16:26:30 IST" skipped="0">
  <testcase classname="Register.Test_14_StateIDAndDistrictID_Negative" name="test_Null_StateID" time="0.292"/>
  <testcase classname="Register.Test_14_StateIDAndDistrictID_Negative" name="test_Invalid_StateID" time="0.373"/>
  <testcase classname="Register.Test_14_StateIDAndDistrictID_Negative" name="test_Null_DistrictID" time="0.365"/>
  <testcase classname="Register.Test_14_StateIDAndDistrictID_Negative" name="test_Invalid_DistrictID" time="0.253"/>
</testsuite> <!-- Register.Test_14_StateIDAndDistrictID_Negative -->
