<?xml version="1.0" encoding="UTF-8"?>
<!-- Generated by org.testng.reporters.JUnitReportReporter -->
<testsuite hostname="DELL-FHHTRG3" failures="0" tests="3" name="Register.Test_19_ComplaintDetails_Negative" time="0.956" errors="0" timestamp="2024-05-17T16:26:30 IST" skipped="0">
  <testcase classname="Register.Test_19_ComplaintDetails_Negative" name="test_Null_ComplaintDetails" time="0.374"/>
  <testcase classname="Register.Test_19_ComplaintDetails_Negative" name="test_ComplaintDetails_Contain_SpecialCharacter" time="0.260"/>
  <testcase classname="Register.Test_19_ComplaintDetails_Negative" name="test_maxLength_exceeding_complaintDetails_field" time="0.322"/>
</testsuite> <!-- Register.Test_19_ComplaintDetails_Negative -->
