<?xml version="1.0" encoding="UTF-8"?>
<!-- Generated by org.testng.reporters.JUnitReportReporter -->
<testsuite hostname="DELL-FHHTRG3" failures="0" tests="2" name="Register.Test_16_FirstName_Negative" time="0.580" errors="0" timestamp="2024-05-17T16:26:31 IST" skipped="0">
  <testcase classname="Register.Test_16_FirstName_Negative" name="test_Null_FirstName" time="0.226"/>
  <testcase classname="Register.Test_16_FirstName_Negative" name="test_maxLength_exceeding_FirstName_Field" time="0.354"/>
</testsuite> <!-- Register.Test_16_FirstName_Negative -->
