<?xml version="1.0" encoding="UTF-8"?>
<!-- Generated by org.testng.reporters.JUnitReportReporter -->
<testsuite hostname="DELL-FHHTRG3" failures="0" tests="1" name="Register.Test_2_RegisterComplaint_PastDate" time="0.531" errors="0" timestamp="2024-05-17T16:26:30 IST" skipped="0">
  <testcase classname="Register.Test_2_RegisterComplaint_PastDate" name="test_registerComplaint_PastDate" time="0.531"/>
</testsuite> <!-- Register.Test_2_RegisterComplaint_PastDate -->
