<?xml version="1.0" encoding="UTF-8"?>
<!-- Generated by org.testng.reporters.JUnitReportReporter -->
<testsuite hostname="DELL-FHHTRG3" failures="0" tests="6" name="Update.Test_9_EscComplaint" time="6.918" errors="0" timestamp="2024-05-17T16:26:31 IST" skipped="0">
  <testcase classname="Update.Test_9_EscComplaint" name="esc_to_new_negative_TC" time="0.970"/>
  <testcase classname="Update.Test_9_EscComplaint" name="esc_to_ack_negative_TC" time="1.036"/>
  <testcase classname="Update.Test_9_EscComplaint" name="esc_to_pending_negative_TC" time="1.645"/>
  <testcase classname="Update.Test_9_EscComplaint" name="esc_to_att_to_negative_TC" time="1.210"/>
  <testcase classname="Update.Test_9_EscComplaint" name="esc_to_reopen_less_than_15_TC" time="1.021"/>
  <testcase classname="Update.Test_9_EscComplaint" name="esc_to_close_negative_TC" time="1.036"/>
</testsuite> <!-- Update.Test_9_EscComplaint -->
