<?xml version="1.0" encoding="UTF-8"?>
<!-- Generated by org.testng.reporters.JUnitReportReporter -->
<testsuite hostname="DELL-FHHTRG3" failures="0" tests="3" name="Register.Test_25_PolicyNumber_Negative" time="0.891" errors="0" timestamp="2024-05-17T16:26:30 IST" skipped="0">
  <testcase classname="Register.Test_25_PolicyNumber_Negative" name="test_Policy_Number_Null" time="0.248"/>
  <testcase classname="Register.Test_25_PolicyNumber_Negative" name="test_Policy_Number_Exceeding_length" time="0.335"/>
  <testcase classname="Register.Test_25_PolicyNumber_Negative" name="test_Policy_Number_Duplicate" time="0.308"/>
</testsuite> <!-- Register.Test_25_PolicyNumber_Negative -->
