<?xml version="1.0" encoding="UTF-8"?>
<!-- Generated by org.testng.reporters.JUnitReportReporter -->
<testsuite hostname="DELL-FHHTRG3" failures="0" tests="3" name="Register.Test_28_TransLoginId_Negative" time="0.948" errors="0" timestamp="2024-05-17T16:26:31 IST" skipped="0">
  <testcase classname="Register.Test_28_TransLoginId_Negative" name="test_Trans_Login_Id_Null" time="0.344"/>
  <testcase classname="Register.Test_28_TransLoginId_Negative" name="test_Trans_Login_Id_Invalid" time="0.299"/>
  <testcase classname="Register.Test_28_TransLoginId_Negative" name="test_Trans_Login_Id_Mapping_Invalid" time="0.305"/>
</testsuite> <!-- Register.Test_28_TransLoginId_Negative -->
