<?xml version="1.0" encoding="UTF-8"?>
<!-- Generated by org.testng.reporters.JUnitReportReporter -->
<testsuite hostname="DELL-FHHTRG3" failures="0" tests="4" name="Register.Test_24_SourceOfComplaint_Negative" time="1.105" errors="0" timestamp="2024-05-17T16:26:31 IST" skipped="0">
  <testcase classname="Register.Test_24_SourceOfComplaint_Negative" name="test_Source_Of_Complaint_Null" time="0.268"/>
  <testcase classname="Register.Test_24_SourceOfComplaint_Negative" name="test_Source_Of_Complaint_Alphabetical" time="0.228"/>
  <testcase classname="Register.Test_24_SourceOfComplaint_Negative" name="test_Source_Of_Complaint_SpecialChars" time="0.384"/>
  <testcase classname="Register.Test_24_SourceOfComplaint_Negative" name="test_Source_Of_Complaint_Invalid" time="0.225"/>
</testsuite> <!-- Register.Test_24_SourceOfComplaint_Negative -->
