<?xml version="1.0" encoding="UTF-8"?>
<!-- Generated by org.testng.reporters.JUnitReportReporter -->
<testsuite hostname="DELL-FHHTRG3" failures="0" tests="4" name="Update.Test_12_not_pertain_to" time="2.764" errors="0" timestamp="2024-05-17T16:26:31 IST" skipped="0">
  <testcase classname="Update.Test_12_not_pertain_to" name="new_not_pertain_to_positive_TC" time="0.834"/>
  <testcase classname="Update.Test_12_not_pertain_to" name="ack_not_pertain_to_positive_TC" time="0.650"/>
  <testcase classname="Update.Test_12_not_pertain_to" name="pending_not_pertain_to_positive_TC" time="0.727"/>
  <testcase classname="Update.Test_12_not_pertain_to" name="without_mand_field_negative_TC" time="0.553"/>
</testsuite> <!-- Update.Test_12_not_pertain_to -->
