<?xml version="1.0" encoding="UTF-8"?>
<!-- Generated by org.testng.reporters.JUnitReportReporter -->
<testsuite hostname="DELL-FHHTRG3" failures="0" tests="1" name="Register.Test_6_RegisterComplaint_AgainstSurveyor" time="0.608" errors="0" timestamp="2024-05-17T16:26:30 IST" skipped="0">
  <testcase classname="Register.Test_6_RegisterComplaint_AgainstSurveyor" name="test_registerComplaint_Against_Surveyor" time="0.608"/>
</testsuite> <!-- Register.Test_6_RegisterComplaint_AgainstSurveyor -->
