<?xml version="1.0" encoding="UTF-8"?>
<!-- Generated by org.testng.reporters.JUnitReportReporter -->
<testsuite hostname="DELL-FHHTRG3" failures="0" tests="5" name="Register.Test_3_RegisterComplaint_Dates_Negative" time="1.799" errors="0" timestamp="2024-05-17T16:26:31 IST" skipped="0">
  <testcase classname="Register.Test_3_RegisterComplaint_Dates_Negative" name="test_registerComplaint_FutureDate" time="0.361"/>
  <testcase classname="Register.Test_3_RegisterComplaint_Dates_Negative" name="test_registerComplaint_InvalidDateFormat" time="0.272"/>
  <testcase classname="Register.Test_3_RegisterComplaint_Dates_Negative" name="test_complaintDateAndReceiptDate_Null" time="0.423"/>
  <testcase classname="Register.Test_3_RegisterComplaint_Dates_Negative" name="test_complaintDate_And_ComplaintReceiptDate_Zero" time="0.415"/>
  <testcase classname="Register.Test_3_RegisterComplaint_Dates_Negative" name="test_complaintDate_And_ComplaintReceiptDate_AsChracter" time="0.328"/>
</testsuite> <!-- Register.Test_3_RegisterComplaint_Dates_Negative -->
