<?xml version="1.0" encoding="UTF-8"?>
<!-- Generated by org.testng.reporters.JUnitReportReporter -->
<testsuite hostname="DELL-FHHTRG3" failures="0" tests="6" name="Update.Test_10_RopComplaint" time="14.055" errors="0" timestamp="2024-05-17T16:26:31 IST" skipped="0">
  <testcase classname="Update.Test_10_RopComplaint" name="rop_to_new_negative_TC" time="1.546"/>
  <testcase classname="Update.Test_10_RopComplaint" name="rop_to_ack_negative_TC" time="1.391"/>
  <testcase classname="Update.Test_10_RopComplaint" name="rop_to_pending_negative_TC" time="1.543"/>
  <testcase classname="Update.Test_10_RopComplaint" name="rop_to_esc_negative_TC" time="1.829"/>
  <testcase classname="Update.Test_10_RopComplaint" name="rop_to_cls_negative_TC" time="1.445"/>
  <testcase classname="Update.Test_10_RopComplaint" name="rop_to_att_with_claim_negative_TC" time="6.301"/>
</testsuite> <!-- Update.Test_10_RopComplaint -->
