<?xml version="1.0" encoding="UTF-8"?>
<!-- Generated by org.testng.reporters.JUnitReportReporter -->
<testsuite hostname="DELL-FHHTRG3" failures="0" tests="6" name="Update.Test_11_Cls_Negative" time="10.682" errors="0" timestamp="2024-05-17T16:26:30 IST" skipped="0">
  <testcase classname="Update.Test_11_Cls_Negative" name="cls_to_new_nagative_TC" time="1.071"/>
  <testcase classname="Update.Test_11_Cls_Negative" name="cls_to_ack_negative_TC" time="3.439"/>
  <testcase classname="Update.Test_11_Cls_Negative" name="cls_to_pen_negative_TC" time="1.477"/>
  <testcase classname="Update.Test_11_Cls_Negative" name="cls_to_att_negative_TC" time="1.451"/>
  <testcase classname="Update.Test_11_Cls_Negative" name="cls_to_esc_negative_TC" time="1.150"/>
  <testcase classname="Update.Test_11_Cls_Negative" name="cls_to_rop_negative_TC" time="2.094"/>
</testsuite> <!-- Update.Test_11_Cls_Negative -->
