<?xml version="1.0" encoding="UTF-8"?>
<!-- Generated by org.testng.reporters.JUnitReportReporter -->
<testsuite hostname="DELL-FHHTRG3" failures="0" tests="5" name="Register.Test_17_MobileNumber_Negative" time="1.489" errors="0" timestamp="2024-05-17T16:26:31 IST" skipped="0">
  <testcase classname="Register.Test_17_MobileNumber_Negative" name="test_Null_MobileNumber_Field" time="0.273"/>
  <testcase classname="Register.Test_17_MobileNumber_Negative" name="test_lessThen_10_Digit_MobileNumber" time="0.267"/>
  <testcase classname="Register.Test_17_MobileNumber_Negative" name="test_moreThen_10_Digit_MobileNumber" time="0.277"/>
  <testcase classname="Register.Test_17_MobileNumber_Negative" name="test_MobileNumber_As_AlphabaticCharacter" time="0.356"/>
  <testcase classname="Register.Test_17_MobileNumber_Negative" name="test_MobileNumber_As_SpecialCharacter" time="0.316"/>
</testsuite> <!-- Register.Test_17_MobileNumber_Negative -->
