<?xml version="1.0" encoding="UTF-8"?>
<!-- Generated by org.testng.reporters.JUnitReportReporter -->
<testsuite hostname="DELL-FHHTRG3" failures="0" tests="5" name="Update.Test_2_NewComplaint" time="2.451" errors="0" timestamp="2024-05-17T16:26:30 IST" skipped="0">
  <testcase classname="Update.Test_2_NewComplaint" name="new_to_pen_negative_TC" time="0.459"/>
  <testcase classname="Update.Test_2_NewComplaint" name="new_to_att_negative_TC" time="0.547"/>
  <testcase classname="Update.Test_2_NewComplaint" name="new_to_esc_negative_TC" time="0.533"/>
  <testcase classname="Update.Test_2_NewComplaint" name="new_to_rop_negative_TC" time="0.490"/>
  <testcase classname="Update.Test_2_NewComplaint" name="new_to_cls_negative_TC" time="0.422"/>
</testsuite> <!-- Update.Test_2_NewComplaint -->
