<?xml version="1.0" encoding="UTF-8"?>
<!-- Generated by org.testng.reporters.JUnitReportReporter -->
<testsuite hostname="DELL-FHHTRG3" failures="0" tests="6" name="Update.Test_8_Type_Of_Disposal" time="5.358" errors="0" timestamp="2024-05-17T16:26:31 IST" skipped="0">
  <testcase classname="Update.Test_8_Type_Of_Disposal" name="type_of_dis_1_positive_TC" time="0.753"/>
  <testcase classname="Update.Test_8_Type_Of_Disposal" name="type_of_dis_2_positive_TC" time="0.792"/>
  <testcase classname="Update.Test_8_Type_Of_Disposal" name="type_of_dis_3_positive_TC" time="0.725"/>
  <testcase classname="Update.Test_8_Type_Of_Disposal" name="type_of_dis_9_positive_TC" time="1.358"/>
  <testcase classname="Update.Test_8_Type_Of_Disposal" name="type_of_dis_invalid_negative_TC" time="0.976"/>
  <testcase classname="Update.Test_8_Type_Of_Disposal" name="type_of_dis_9_without_mand_field_negative_TC" time="0.754"/>
</testsuite> <!-- Update.Test_8_Type_Of_Disposal -->
